2025-04-01 14:43:14,085 - INFO - [<module>] - Application starting.
2025-04-01 14:43:14,192 - INFO - [__init__] - Initializing FlashTool application.
2025-04-01 14:43:14,193 - INFO - [__init__] - Setting up UI.
2025-04-01 14:43:14,277 - INFO - [__init__] - Refreshing device list on startup.
2025-04-01 14:43:14,277 - INFO - [refresh_devices] - Starting device refresh.
2025-04-01 14:43:14,277 - INFO - [log] - Searching for removable devices...
2025-04-01 14:43:14,329 - INFO - [refresh_devices] - No removable devices found after search.
2025-04-01 14:43:14,329 - INFO - [log] - No removable devices found.
2025-04-01 14:43:14,329 - INFO - [refresh_devices] - Device refresh finished.
2025-04-01 14:43:14,329 - INFO - [__init__] - Initialization complete.
2025-04-01 14:43:14,361 - INFO - [<module>] - Entering main application event loop.
2025-04-01 14:43:17,082 - INFO - [refresh_devices] - Starting device refresh.
2025-04-01 14:43:17,083 - INFO - [log] - Searching for removable devices...
2025-04-01 14:43:17,133 - INFO - [refresh_devices] - No removable devices found after search.
2025-04-01 14:43:17,134 - INFO - [log] - No removable devices found.
2025-04-01 14:43:17,135 - INFO - [refresh_devices] - Device refresh finished.
2025-04-01 14:43:18,649 - INFO - [select_firmware] - Opening firmware selection dialog.
2025-04-01 14:43:21,015 - INFO - [select_firmware] - Firmware selection cancelled by user.
2025-04-01 14:43:23,117 - WARNING - [abort_process] - Abort requested by user (not fully implemented).
2025-04-01 14:43:23,117 - INFO - [log] - Abort requested, but not implemented in this simple version.
2025-04-01 14:43:23,120 - INFO - [log] - Please wait for current operation to complete.
2025-04-01 14:43:24,594 - INFO - [<module>] - Application exiting with code 0.
